{"numTotalTestSuites":7,"numPassedTestSuites":0,"numFailedTestSuites":7,"numPendingTestSuites":0,"numTotalTests":0,"numPassedTests":0,"numFailedTests":0,"numPendingTests":0,"numTodoTests":0,"snapshot":{"added":0,"failure":false,"filesAdded":0,"filesRemoved":0,"filesRemovedList":[],"filesUnmatched":0,"filesUpdated":0,"matched":0,"total":0,"unchecked":0,"uncheckedKeysByFile":[],"unmatched":0,"updated":0,"didUpdate":false},"startTime":1774194988688,"success":false,"testResults":[{"assertionResults":[],"startTime":1774194988688,"endTime":1774194988688,"status":"failed","message":"Package subpath './module-runner' is not defined by \"exports\" in D:\\JobNow_New\\node_modules\\.pnpm\\vitest@4.1.0_@opentelemetry+api@1.9.0_@types+node@25.3.3_jsdom@29.0.0_vite@5.4.21_@types+node_qbkn7vp55gl46vwatyxqdvwvsu\\node_modules\\vite\\package.json imported from D:\\JobNow_New\\node_modules\\.pnpm\\vitest@4.1.0_@opentelemetry+api@1.9.0_@types+node@25.3.3_jsdom@29.0.0_vite@5.4.21_@types+node_qbkn7vp55gl46vwatyxqdvwvsu\\node_modules\\vitest\\dist\\chunks\\evaluatedModules.Dg1zASAC.js","name":"D:/JobNow_New/apps/web/src/simple.test.ts"},{"assertionResults":[],"startTime":1774194988688,"endTime":1774194988688,"status":"failed","message":"Package subpath './module-runner' is not defined by \"exports\" in D:\\JobNow_New\\node_modules\\.pnpm\\vitest@4.1.0_@opentelemetry+api@1.9.0_@types+node@25.3.3_jsdom@29.0.0_vite@5.4.21_@types+node_qbkn7vp55gl46vwatyxqdvwvsu\\node_modules\\vite\\package.json imported from D:\\JobNow_New\\node_modules\\.pnpm\\vitest@4.1.0_@opentelemetry+api@1.9.0_@types+node@25.3.3_jsdom@29.0.0_vite@5.4.21_@types+node_qbkn7vp55gl46vwatyxqdvwvsu\\node_modules\\vitest\\dist\\chunks\\evaluatedModules.Dg1zASAC.js","name":"D:/JobNow_New/apps/web/src/components/WalletCard.test.tsx"},{"assertionResults":[],"startTime":1774194988688,"endTime":1774194988688,"status":"failed","message":"Package subpath './module-runner' is not defined by \"exports\" in D:\\JobNow_New\\node_modules\\.pnpm\\vitest@4.1.0_@opentelemetry+api@1.9.0_@types+node@25.3.3_jsdom@29.0.0_vite@5.4.21_@types+node_qbkn7vp55gl46vwatyxqdvwvsu\\node_modules\\vite\\package.json imported from D:\\JobNow_New\\node_modules\\.pnpm\\vitest@4.1.0_@opentelemetry+api@1.9.0_@types+node@25.3.3_jsdom@29.0.0_vite@5.4.21_@types+node_qbkn7vp55gl46vwatyxqdvwvsu\\node_modules\\vitest\\dist\\chunks\\evaluatedModules.Dg1zASAC.js","name":"D:/JobNow_New/apps/web/src/features/auth-login.integration.test.tsx"},{"assertionResults":[],"startTime":1774194988688,"endTime":1774194988688,"status":"failed","message":"Package subpath './module-runner' is not defined by \"exports\" in D:\\JobNow_New\\node_modules\\.pnpm\\vitest@4.1.0_@opentelemetry+api@1.9.0_@types+node@25.3.3_jsdom@29.0.0_vite@5.4.21_@types+node_qbkn7vp55gl46vwatyxqdvwvsu\\node_modules\\vite\\package.json imported from D:\\JobNow_New\\node_modules\\.pnpm\\vitest@4.1.0_@opentelemetry+api@1.9.0_@types+node@25.3.3_jsdom@29.0.0_vite@5.4.21_@types+node_qbkn7vp55gl46vwatyxqdvwvsu\\node_modules\\vitest\\dist\\chunks\\evaluatedModules.Dg1zASAC.js","name":"D:/JobNow_New/apps/web/src/features/boundary-logic.test.ts"},{"assertionResults":[],"startTime":1774194988688,"endTime":1774194988688,"status":"failed","message":"Package subpath './module-runner' is not defined by \"exports\" in D:\\JobNow_New\\node_modules\\.pnpm\\vitest@4.1.0_@opentelemetry+api@1.9.0_@types+node@25.3.3_jsdom@29.0.0_vite@5.4.21_@types+node_qbkn7vp55gl46vwatyxqdvwvsu\\node_modules\\vite\\package.json imported from D:\\JobNow_New\\node_modules\\.pnpm\\vitest@4.1.0_@opentelemetry+api@1.9.0_@types+node@25.3.3_jsdom@29.0.0_vite@5.4.21_@types+node_qbkn7vp55gl46vwatyxqdvwvsu\\node_modules\\vitest\\dist\\chunks\\evaluatedModules.Dg1zASAC.js","name":"D:/JobNow_New/apps/web/src/features/post-job.integration.test.tsx"},{"assertionResults":[],"startTime":1774194988688,"endTime":1774194988688,"status":"failed","message":"Package subpath './module-runner' is not defined by \"exports\" in D:\\JobNow_New\\node_modules\\.pnpm\\vitest@4.1.0_@opentelemetry+api@1.9.0_@types+node@25.3.3_jsdom@29.0.0_vite@5.4.21_@types+node_qbkn7vp55gl46vwatyxqdvwvsu\\node_modules\\vite\\package.json imported from D:\\JobNow_New\\node_modules\\.pnpm\\vitest@4.1.0_@opentelemetry+api@1.9.0_@types+node@25.3.3_jsdom@29.0.0_vite@5.4.21_@types+node_qbkn7vp55gl46vwatyxqdvwvsu\\node_modules\\vitest\\dist\\chunks\\evaluatedModules.Dg1zASAC.js","name":"D:/JobNow_New/apps/web/src/features/wallet-deposit.integration.test.tsx"},{"assertionResults":[],"startTime":1774194988688,"endTime":1774194988688,"status":"failed","message":"Package subpath './module-runner' is not defined by \"exports\" in D:\\JobNow_New\\node_modules\\.pnpm\\vitest@4.1.0_@opentelemetry+api@1.9.0_@types+node@25.3.3_jsdom@29.0.0_vite@5.4.21_@types+node_qbkn7vp55gl46vwatyxqdvwvsu\\node_modules\\vite\\package.json imported from D:\\JobNow_New\\node_modules\\.pnpm\\vitest@4.1.0_@opentelemetry+api@1.9.0_@types+node@25.3.3_jsdom@29.0.0_vite@5.4.21_@types+node_qbkn7vp55gl46vwatyxqdvwvsu\\node_modules\\vitest\\dist\\chunks\\evaluatedModules.Dg1zASAC.js","name":"D:/JobNow_New/apps/web/src/utils/date.test.ts"}]}
